<?xml version="1.0" encoding="UTF-8"?>
<testsuite name="ComputerRepairRequestTest" tests="2" skipped="0" failures="0" errors="0" timestamp="2025-03-04T08:35:14" hostname="VLAD" time="0.022">
  <properties/>
  <testcase name="First test" classname="ComputerRepairRequestTest" time="0.02"/>
  <testcase name="Second test" classname="ComputerRepairRequestTest" time="0.001"/>
  <system-out><![CDATA[]]></system-out>
  <system-err><![CDATA[]]></system-err>
</testsuite>
